2026-04-18 14:48:45 | CAMERA | Camera stopped
2026-04-18 14:48:56 | AUTH | Incorrect password for admin
2026-04-18 14:51:15 | CAMERA | Camera stopped
2026-04-18 14:51:34 | AUTH | Incorrect password for admin
2026-04-18 14:53:39 | CAMERA | Camera stopped
2026-04-18 14:53:49 | AUTH | Login successful for admin
2026-04-18 14:53:49 | AUTH | Generated provisioning URI for admin
2026-04-18 14:54:30 | CAMERA | Camera stopped
2026-04-18 14:54:31 | AUTH | Login successful for admin
2026-04-18 14:54:31 | AUTH | Generated provisioning URI for admin
2026-04-18 14:54:33 | AUTH | OTP verification attempt: failure
2026-04-18 15:03:09 | CAMERA | Camera stopped
2026-04-18 15:03:21 | CAMERA | Camera stopped
2026-04-18 15:03:30 | AUTH | Login successful for admin
2026-04-18 15:03:30 | AUTH | Generated provisioning URI for admin
2026-04-18 15:03:47 | AUTH | OTP verification attempt: success
2026-04-18 15:03:47 | CAMERA | Camera stopped
2026-04-18 15:03:50 | CAMERA | Camera started
2026-04-18 15:03:50 | CAMERA | Camera permission granted for admin
2026-04-18 15:04:04 | CAMERA | Face blur set to OFF for admin
2026-04-18 15:04:06 | CAMERA | Face blur set to ON for admin
2026-04-18 15:04:08 | CAMERA | Camera stopped
2026-04-18 15:05:39 | CAMERA | Camera stopped
2026-04-18 15:06:07 | CAMERA | Camera stopped
2026-04-18 15:06:17 | AUTH | Login successful for admin
2026-04-18 15:06:17 | AUTH | Generated provisioning URI for admin
2026-04-18 15:06:30 | AUTH | OTP verification attempt: success
2026-04-18 15:06:30 | CAMERA | Camera stopped
2026-04-18 15:06:34 | CAMERA | Camera started
2026-04-18 15:06:34 | CAMERA | Camera permission granted for admin
2026-04-18 15:07:05 | CAMERA | Face blur set to OFF for admin
2026-04-18 15:07:09 | CAMERA | Face blur set to ON for admin
2026-04-18 15:07:17 | CAMERA | Camera stopped
2026-04-18 15:07:44 | CAMERA | Face blur set to OFF for admin
2026-04-18 15:07:54 | CAMERA | Face blur set to ON for admin
2026-04-18 15:07:55 | CAMERA | Face blur set to OFF for admin
2026-04-18 15:07:57 | CAMERA | Face blur set to ON for admin
2026-04-18 15:07:59 | CAMERA | Camera stopped
2026-04-18 15:08:03 | CAMERA | Camera stopped
2026-04-18 15:08:04 | CAMERA | Camera stopped
2026-04-18 15:08:05 | CAMERA | Camera stopped
2026-04-18 15:08:05 | CAMERA | Camera stopped
2026-04-18 15:08:05 | CAMERA | Camera stopped
2026-04-18 15:08:05 | CAMERA | Camera stopped
2026-04-18 15:08:06 | CAMERA | Camera stopped
2026-04-18 15:08:06 | CAMERA | Camera stopped
2026-04-18 15:08:07 | CAMERA | Camera started
2026-04-18 15:08:07 | CAMERA | Camera permission granted for admin
2026-04-18 15:08:08 | CAMERA | Camera permission granted for admin
2026-04-18 15:08:53 | CAMERA | Camera stopped
2026-04-18 15:09:25 | AUTH | Login successful for admin
2026-04-18 15:09:25 | AUTH | Generated provisioning URI for admin
2026-04-18 15:09:42 | AUTH | OTP verification attempt: success
2026-04-18 15:09:42 | CAMERA | Camera stopped
2026-04-18 15:09:46 | CAMERA | Camera started
2026-04-18 15:09:46 | CAMERA | Camera permission granted for admin
2026-04-18 15:09:51 | CAMERA | Face blur set to OFF for admin
2026-04-18 15:09:55 | CAMERA | Face blur set to ON for admin
2026-04-18 15:10:13 | CAMERA | Face blur set to OFF for admin
2026-04-18 15:10:15 | CAMERA | Camera stopped
2026-04-18 15:12:03 | CAMERA | Camera stopped
2026-04-18 15:12:49 | AUTH | Login successful for admin
2026-04-18 15:12:49 | AUTH | Generated provisioning URI for admin
2026-04-18 15:13:02 | AUTH | OTP verification attempt: success
2026-04-18 15:13:02 | CAMERA | Camera stopped
2026-04-18 15:13:20 | CAMERA | Camera started
2026-04-18 15:13:20 | CAMERA | Camera permission granted for admin
2026-04-18 15:13:40 | CAMERA | Face blur set to OFF for admin
2026-04-18 15:13:43 | CAMERA | Camera stopped
2026-04-18 15:14:52 | CAMERA | Camera stopped
2026-04-18 15:15:11 | AUTH | Login successful for admin
2026-04-18 15:15:11 | AUTH | Generated provisioning URI for admin
2026-04-18 15:15:55 | AUTH | OTP verification attempt: success
2026-04-18 15:15:55 | CAMERA | Camera stopped
2026-04-18 15:16:04 | CAMERA | Camera started
2026-04-18 15:16:04 | CAMERA | Camera permission granted for admin
2026-04-18 15:16:05 | CAMERA | Camera permission granted for admin
2026-04-18 15:16:07 | CAMERA | Camera permission granted for admin
2026-04-18 15:16:10 | CAMERA | Face blur set to OFF for admin
2026-04-18 15:21:42 | CAMERA | Camera stopped
2026-04-18 15:26:07 | CAMERA | Camera stopped
2026-04-18 15:26:17 | AUTH | Login successful for admin
2026-04-18 15:26:17 | AUTH | Generated provisioning URI for admin
2026-04-18 15:26:19 | AUTH | Email not configured - using default placeholder
2026-04-18 15:30:56 | AUTH | Gmail API credentials.json not found. Falling back to SMTP.
2026-04-18 15:30:56 | CAMERA | Camera stopped
2026-04-18 15:31:06 | AUTH | Login successful for admin
2026-04-18 15:31:06 | AUTH | Generated provisioning URI for admin
2026-04-18 15:31:08 | AUTH | Email not configured - using default placeholder
2026-04-18 15:33:45 | AUTH | Gmail API credentials.json not found. Falling back to SMTP.
2026-04-18 15:33:45 | CAMERA | Camera stopped
2026-04-18 15:34:04 | AUTH | Login successful for admin
2026-04-18 15:34:04 | AUTH | Generated provisioning URI for admin
2026-04-18 15:34:18 | AUTH | Email not configured - using default placeholder
2026-04-18 15:48:43 | AUTH | Gmail API credentials.json not found. Falling back to SMTP.
2026-04-18 15:48:43 | CAMERA | Camera stopped
2026-04-18 15:49:21 | AUTH | Login successful for admin
2026-04-18 15:49:21 | AUTH | Generated provisioning URI for admin
2026-04-18 15:49:24 | AUTH | Email not configured - using default placeholder
2026-04-18 15:52:27 | AUTH | Gmail API credentials.json not found. Falling back to SMTP.
2026-04-18 15:52:27 | CAMERA | Camera stopped
2026-04-18 15:54:27 | AUTH | Login successful for admin
2026-04-18 15:54:27 | AUTH | Generated provisioning URI for admin
2026-04-18 15:54:29 | AUTH | Email not configured - using default placeholder
2026-04-18 16:10:14 | AUTH | Gmail API credentials.json not found. Falling back to SMTP.
2026-04-18 16:22:07 | AUTH | Gmail API credentials.json not found. Falling back to SMTP.
2026-04-18 16:25:49 | AUTH | Gmail API credentials.json not found. Falling back to SMTP.
2026-04-18 16:25:49 | CAMERA | Camera stopped
2026-04-18 16:26:15 | AUTH | Login successful for admin
2026-04-18 16:26:15 | AUTH | Generated provisioning URI for admin
2026-04-18 16:26:23 | AUTH | OTP verification attempt: success
2026-04-18 16:26:23 | CAMERA | Camera stopped
2026-04-18 16:26:59 | CAMERA | Camera started
2026-04-18 16:26:59 | CAMERA | Camera permission granted for admin
2026-04-18 16:27:01 | CAMERA | Face blur set to OFF for admin
2026-04-18 16:27:02 | CAMERA | Face blur set to ON for admin
2026-04-18 16:28:24 | CAMERA | Face blur set to OFF for admin
2026-04-18 16:28:55 | CAMERA | Camera stopped
2026-04-18 16:28:57 | CAMERA | Camera started
2026-04-18 16:28:57 | CAMERA | Camera permission granted for admin
2026-04-18 16:28:57 | CAMERA | Camera permission granted for admin
2026-04-18 16:29:00 | CAMERA | Camera permission granted for admin
2026-04-18 16:29:03 | CAMERA | Face blur set to ON for admin
2026-04-18 16:29:04 | CAMERA | Camera permission granted for admin
2026-04-18 16:29:09 | CAMERA | Camera permission granted for admin
2026-04-18 16:29:10 | CAMERA | Camera permission granted for admin
2026-04-18 16:29:11 | CAMERA | Camera permission granted for admin
2026-04-18 16:29:14 | CAMERA | Camera stopped
2026-04-18 16:29:14 | CAMERA | Camera stopped
2026-04-18 16:29:16 | CAMERA | Camera started
2026-04-18 16:29:16 | CAMERA | Camera permission granted for admin
2026-04-18 16:29:24 | CAMERA | Face blur set to OFF for admin
2026-04-18 16:30:38 | CAMERA | Face blur set to ON for admin
2026-04-18 16:30:59 | CAMERA | Camera stopped
2026-04-18 16:31:00 | CAMERA | Camera stopped
2026-04-18 16:44:23 | CAMERA | Camera started
2026-04-18 16:44:23 | CAMERA | Camera permission granted for admin
2026-04-18 16:44:25 | CAMERA | Face blur set to OFF for admin
2026-04-18 16:44:26 | CAMERA | Face blur set to ON for admin
2026-04-18 16:44:28 | CAMERA | Camera permission granted for admin
2026-04-18 16:44:30 | CAMERA | Camera stopped
2026-04-18 16:44:30 | CAMERA | Camera stopped
2026-04-18 16:44:30 | CAMERA | Camera stopped
2026-04-18 18:04:35 | AUTH | Gmail API credentials.json not found. Falling back to SMTP.
2026-04-18 18:04:36 | CAMERA | Camera stopped
2026-04-27 21:23:20 | AUTH | Gmail API credentials.json not found. Falling back to SMTP.
2026-04-27 21:23:21 | CAMERA | Camera stopped
2026-04-27 21:24:34 | AUTH | Login successful for admin
2026-04-27 21:24:34 | AUTH | Generated provisioning URI for admin
2026-04-27 21:24:47 | AUTH | OTP verification attempt: success
2026-04-27 21:24:47 | CAMERA | Camera stopped
2026-04-27 21:24:53 | CAMERA | Camera started
2026-04-27 21:24:53 | CAMERA | Camera permission granted for admin
2026-04-27 21:25:04 | CAMERA | Face blur set to OFF for admin
2026-04-27 21:25:05 | CAMERA | Face blur set to ON for admin
2026-04-27 21:25:08 | CAMERA | Camera permission granted for admin
2026-04-27 21:30:05 | AUTH | Gmail API credentials.json not found. Falling back to SMTP.
2026-04-27 21:30:06 | CAMERA | Camera stopped
2026-04-27 21:30:15 | AUTH | Login successful for admin
2026-04-27 21:30:15 | AUTH | Generated provisioning URI for admin
2026-04-27 21:30:25 | AUTH | OTP verification attempt: success
2026-04-27 21:30:25 | CAMERA | Camera stopped
2026-04-27 21:30:29 | CAMERA | Camera started
2026-04-27 21:30:29 | CAMERA | Camera permission granted for admin
2026-04-27 21:30:31 | CAMERA | Face blur set to OFF for admin
2026-04-27 21:30:33 | CAMERA | Camera stopped
2026-04-27 21:30:38 | CAMERA | Camera stopped
2026-04-27 21:30:39 | CAMERA | Camera stopped
2026-04-27 21:30:40 | CAMERA | Camera stopped
2026-04-27 21:30:42 | CAMERA | Camera started
2026-04-27 21:30:42 | CAMERA | Camera permission granted for admin
2026-04-27 21:30:46 | CAMERA | Camera stopped
2026-04-28 10:51:39 | AUTH | Gmail API credentials.json not found. Falling back to SMTP.
2026-04-28 10:51:40 | CAMERA | Camera stopped
2026-04-28 10:51:56 | AUTH | Login successful for admin
2026-04-28 10:51:56 | AUTH | Generated provisioning URI for admin
2026-04-28 10:52:05 | AUTH | OTP verification attempt: success
2026-04-28 10:52:05 | CAMERA | Camera stopped
2026-04-28 10:52:10 | CAMERA | Camera started
2026-04-28 10:52:10 | CAMERA | Camera permission granted for admin
2026-04-28 10:52:16 | CAMERA | Face blur set to OFF for admin
2026-04-28 10:52:18 | CAMERA | Face blur set to ON for admin
2026-04-28 10:52:20 | CAMERA | Face blur set to OFF for admin
2026-04-28 10:52:21 | CAMERA | Camera stopped
2026-04-28 10:52:23 | CAMERA | Face blur set to ON for admin
2026-04-28 10:52:25 | CAMERA | Camera started
2026-04-28 10:52:25 | CAMERA | Camera permission granted for admin
2026-04-28 10:53:17 | CAMERA | Camera stopped
2026-04-28 13:18:59 | AUTH | Gmail API credentials.json not found. Falling back to SMTP.
2026-04-28 13:19:00 | CAMERA | Camera stopped
2026-04-28 13:19:19 | AUTH | Login successful for admin
2026-04-28 13:19:19 | AUTH | Generated provisioning URI for admin
2026-04-28 13:20:02 | AUTH | Gmail API credentials.json not found. Falling back to SMTP.
2026-04-28 13:20:02 | CAMERA | Camera stopped
2026-04-28 13:23:04 | AUTH | Login successful for admin
2026-04-28 13:23:04 | AUTH | Generated provisioning URI for admin
2026-04-28 13:24:34 | AUTH | OTP verification attempt: failure
2026-04-28 13:24:51 | AUTH | OTP verification attempt: success
2026-04-28 13:24:51 | CAMERA | Camera stopped
2026-04-28 13:25:00 | CAMERA | Camera started
2026-04-28 13:25:00 | CAMERA | Camera permission granted for admin
2026-04-28 13:27:17 | CAMERA | Camera stopped
2026-04-28 13:27:21 | CAMERA | Face blur set to OFF for admin
2026-04-28 13:27:23 | CAMERA | Camera started
2026-04-28 13:27:23 | CAMERA | Camera permission granted for admin
2026-04-28 13:29:48 | CAMERA | Camera stopped
2026-04-28 14:06:50 | AUTH | Gmail API credentials.json not found. Falling back to SMTP.
2026-04-28 14:06:51 | CAMERA | Camera stopped
2026-04-28 14:10:18 | AUTH | Gmail API credentials.json not found. Falling back to SMTP.
2026-04-28 14:10:19 | CAMERA | Camera stopped
2026-04-28 14:10:31 | AUTH | Login successful for admin
2026-04-28 14:10:31 | AUTH | Generated provisioning URI for admin
2026-04-28 14:10:55 | AUTH | OTP verification attempt: success
2026-04-28 14:10:55 | CAMERA | Camera stopped
2026-04-28 14:11:14 | CAMERA | Camera started
2026-04-28 14:11:14 | CAMERA | Camera permission granted for admin
2026-04-28 14:11:24 | CAMERA | Camera stopped
2026-04-28 14:11:25 | CAMERA | Face blur set to OFF for admin
2026-04-28 14:16:03 | AUTH | Gmail API credentials.json not found. Falling back to SMTP.
2026-04-28 14:16:04 | CAMERA | Camera stopped
2026-04-28 14:16:14 | AUTH | Login successful for admin
2026-04-28 14:16:14 | AUTH | Generated provisioning URI for admin
2026-04-28 14:16:29 | AUTH | OTP verification attempt: success
2026-04-28 14:16:29 | CAMERA | Camera stopped
2026-04-28 14:16:41 | CAMERA | Camera started
2026-04-28 14:16:41 | CAMERA | Camera permission granted for admin
2026-04-28 14:16:43 | CAMERA | Face blur set to OFF for admin
2026-04-28 14:16:47 | CAMERA | Face blur set to ON for admin
2026-04-28 14:19:45 | CAMERA | Camera stopped
